{
  "nameArgs": "dataset_shim:add_runtime",
  "name": "dataset_shim",
  "args": [],
  "flags": {},
  "errorCount": 0,
  "target": "add_runtime",
  "data": {
    "options": {
      "runtime": true
    },
    "files": {
      "tmp/add_runtime": [
        "test/fixtures/script_complex.js"
      ]
    }
  },
  "files": [
    {
      "src": [
        "test/fixtures/script_complex.js"
      ],
      "dest": "tmp/add_runtime",
      "orig": {
        "src": [
          "test/fixtures/script_complex.js"
        ],
        "dest": "tmp/add_runtime"
      }
    }
  ],
  "filesSrc": [
    "test/fixtures/script_complex.js"
  ]
}var Data=(function(){function _p2a(p){return 'data-'+(p.replace(/([A-Z])/g,'-$1')).toLowerCase();};function _a2p(a){return a.replace(/^data\-([a-z0-9\-]+)/,'$1').replace(/\-([a-z0-9])/g,function(r,m){return m.toUpperCase()})};return {"get":function (e,p){p=_p2a(p);if(e&&e.getAttribute){return e.hasAttribute(p)?e.getAttribute(p):void 0}},"set":function (e,p,v){p=_p2a(p);if(e&&e.setAttribute){e.setAttribute(p,v);return v}}}})();

Data.set( el, "prop", "val" );
var propvar = Data.get( el, "prop" );
Data.set( document.querySelector("body"), "prop", "val" );
Data.set( document.body["firstChild"].children[0].lastChild, "prop", "n" );
Data.get( elem, "foo" );
Data.set( document.querySelector("body"), "foo"+8+"bar", "val" );
Data.set( elem, "prop", "complicated" + (function(){ return "function-call"})() + 3*(foo + 5)*bar );
